<?xml version="1.0" encoding="UTF-8"?>
<testsuite name="AntiFraudTest" tests="1" skipped="0" failures="0" errors="0" timestamp="2022-11-17T05:43:48" hostname="DESKTOP-KRM8ORQ" time="32.754">
  <properties/>
  <testcase name="start" classname="AntiFraudTest" time="32.754"/>
  <system-out><![CDATA[?[1;31m
Start test 1?[0m
?[0;34m
?[0m?[0;34m  .   ____          _            __ _ _
?[0m?[0;34m /\\ / ___'_ __ _ _(_)_ __  __ _ \ \ \ \
?[0m?[0;34m( ( )\___ | '_ | '_| | '_ \/ _` | \ \ \ \
?[0m?[0;34m \\/  ___)| |_)| | | | | || (_| |  ) ) ) )
?[0m?[0;34m  '  |____| .__|_| |_|_| |_\__, | / / / /
?[0m?[0;34m =========|_|==============|___/=/_/_/_/
?[0m?[0;34m :: Spring Boot ::                (v2.7.5)
?[0m?[0;34m
?[0m?[0;34m2022-11-17 06:43:49.441  INFO 11944 --- [    Test worker] antifraud.AntiFraudApplication           : Starting AntiFraudApplication using Java 17.0.1 on DESKTOP-KRM8ORQ with PID 11944 (started by Damian in E:\Damian\Projects\SoftServe\Internal\Anti-Fraud System\Anti-Fraud System\task)
?[0m?[0;34m2022-11-17 06:43:49.445  INFO 11944 --- [    Test worker] antifraud.AntiFraudApplication           : No active profile set, falling back to 1 default profile: "default"
?[0m?[0;34m2022-11-17 06:43:50.575  INFO 11944 --- [    Test worker] .s.d.r.c.RepositoryConfigurationDelegate : Bootstrapping Spring Data JPA repositories in DEFAULT mode.
?[0m?[0;34m2022-11-17 06:43:50.655  INFO 11944 --- [    Test worker] .s.d.r.c.RepositoryConfigurationDelegate : Finished Spring Data repository scanning in 67 ms. Found 4 JPA repository interfaces.
?[0m?[0;34m2022-11-17 06:43:51.604  INFO 11944 --- [    Test worker] o.s.b.w.embedded.tomcat.TomcatWebServer  : Tomcat initialized with port(s): 28852 (http)
?[0m?[0;34m2022-11-17 06:43:51.606  INFO 11944 --- [    Test worker] o.a.catalina.core.AprLifecycleListener   : Loaded Apache Tomcat Native library [1.2.32] using APR version [1.7.0].
?[0m?[0;34m2022-11-17 06:43:51.606  INFO 11944 --- [    Test worker] o.a.catalina.core.AprLifecycleListener   : APR capabilities: IPv6 [true], sendfile [true], accept filters [false], random [true], UDS [true].
?[0m?[0;34m2022-11-17 06:43:51.607  INFO 11944 --- [    Test worker] o.a.catalina.core.AprLifecycleListener   : APR/OpenSSL configuration: useAprConnector [false], useOpenSSL [true]
?[0m?[0;34m2022-11-17 06:43:51.611  INFO 11944 --- [    Test worker] o.a.catalina.core.AprLifecycleListener   : OpenSSL successfully initialized [OpenSSL 1.1.1n  15 Mar 2022]
?[0m?[0;34m2022-11-17 06:43:51.631  INFO 11944 --- [    Test worker] o.apache.catalina.core.StandardService   : Starting service [Tomcat]
?[0m?[0;34m2022-11-17 06:43:51.631  INFO 11944 --- [    Test worker] org.apache.catalina.core.StandardEngine  : Starting Servlet engine: [Apache Tomcat/9.0.68]
?[0m?[0;34m2022-11-17 06:43:51.820  INFO 11944 --- [    Test worker] o.a.c.c.C.[Tomcat].[localhost].[/]       : Initializing Spring embedded WebApplicationContext
?[0m?[0;34m2022-11-17 06:43:51.820  INFO 11944 --- [    Test worker] w.s.c.ServletWebServerApplicationContext : Root WebApplicationContext: initialization completed in 2325 ms
?[0m?[0;34m2022-11-17 06:43:52.311  INFO 11944 --- [    Test worker] o.hibernate.jpa.internal.util.LogHelper  : HHH000204: Processing PersistenceUnitInfo [name: default]
?[0m?[0;34m2022-11-17 06:43:52.389  INFO 11944 --- [    Test worker] org.hibernate.Version                    : HHH000412: Hibernate ORM core version 5.6.12.Final
?[0m?[0;34m2022-11-17 06:43:52.649  INFO 11944 --- [    Test worker] o.hibernate.annotations.common.Version   : HCANN000001: Hibernate Commons Annotations {5.1.2.Final}
?[0m?[0;34m2022-11-17 06:43:52.802  INFO 11944 --- [    Test worker] com.zaxxer.hikari.HikariDataSource       : HikariPool-1 - Starting...
?[0m?[0;34m2022-11-17 06:43:53.061  INFO 11944 --- [    Test worker] com.zaxxer.hikari.HikariDataSource       : HikariPool-1 - Start completed.
?[0m?[0;34m2022-11-17 06:43:53.102  INFO 11944 --- [    Test worker] org.hibernate.dialect.Dialect            : HHH000400: Using dialect: org.hibernate.dialect.H2Dialect
?[0m?[0;34m2022-11-17 06:43:54.452  INFO 11944 --- [    Test worker] o.h.e.t.j.p.i.JtaPlatformInitiator       : HHH000490: Using JtaPlatform implementation: [org.hibernate.engine.transaction.jta.platform.internal.NoJtaPlatform]
?[0m?[0;34m2022-11-17 06:43:54.465  INFO 11944 --- [    Test worker] j.LocalContainerEntityManagerFactoryBean : Initialized JPA EntityManagerFactory for persistence unit 'default'
?[0m?[0;34m2022-11-17 06:43:55.615  WARN 11944 --- [    Test worker] JpaBaseConfiguration$JpaWebConfiguration : spring.jpa.open-in-view is enabled by default. Therefore, database queries may be performed during view rendering. Explicitly configure spring.jpa.open-in-view to disable this warning
?[0m?[0;34m2022-11-17 06:43:56.249  INFO 11944 --- [    Test worker] o.s.b.a.e.web.EndpointLinksResolver      : Exposing 14 endpoint(s) beneath base path '/actuator'
?[0m?[0;34m2022-11-17 06:43:56.388  INFO 11944 --- [    Test worker] o.s.s.web.DefaultSecurityFilterChain     : Will secure any request with [org.springframework.security.web.session.DisableEncodeUrlFilter@31dbca5d, org.springframework.security.web.context.request.async.WebAsyncManagerIntegrationFilter@40c92dfa, org.springframework.security.web.context.SecurityContextPersistenceFilter@31c31fa6, org.springframework.security.web.header.HeaderWriterFilter@5f5fb335, org.springframework.security.web.authentication.logout.LogoutFilter@5ce03a9d, org.springframework.security.web.authentication.www.BasicAuthenticationFilter@5c7b504, org.springframework.security.web.savedrequest.RequestCacheAwareFilter@3d5e3f58, org.springframework.security.web.servletapi.SecurityContextHolderAwareRequestFilter@615b1baf, org.springframework.security.web.authentication.AnonymousAuthenticationFilter@16b713dd, org.springframework.security.web.session.SessionManagementFilter@1dbb9a4a, org.springframework.security.web.access.ExceptionTranslationFilter@9da386c, org.springframework.security.web.access.intercept.FilterSecurityInterceptor@17b9c9ff]
?[0m?[0;34m2022-11-17 06:43:56.914  INFO 11944 --- [    Test worker] o.s.b.w.embedded.tomcat.TomcatWebServer  : Tomcat started on port(s): 28852 (http) with context path ''
?[0m?[0;34m2022-11-17 06:43:56.934  INFO 11944 --- [    Test worker] antifraud.AntiFraudApplication           : Started AntiFraudApplication in 7.903 seconds (JVM running for 8.86)
?[0m?[0;34mTest case
?[0m?[0;34mTesting api: '/api/auth/user'
?[0m?[0;34mrequest: '{
?[0m?[0;34m   "name": "John Doe 1",
?[0m?[0;34m   "password": "oa3VvqnLxW"
?[0m?[0;34m}'
?[0m?[0;34mExpectations: 'In case of wrong data in request, endpoint must respond with BAD REQUEST  status (400).'
?[0m?[0;34m-----
?[0;34m2022-11-17 06:43:57.375  INFO 11944 --- [io-28852-exec-1] o.a.c.c.C.[Tomcat].[localhost].[/]       : Initializing Spring DispatcherServlet 'dispatcherServlet'
?[0m?[0;34m2022-11-17 06:43:57.376  INFO 11944 --- [io-28852-exec-1] o.s.web.servlet.DispatcherServlet        : Initializing Servlet 'dispatcherServlet'
?[0m?[0;34m2022-11-17 06:43:57.379  INFO 11944 --- [io-28852-exec-1] o.s.web.servlet.DispatcherServlet        : Completed initialization in 2 ms
?[0m?[0;34m2022-11-17 06:43:57.637  WARN 11944 --- [io-28852-exec-1] .w.s.m.s.DefaultHandlerExceptionResolver : Resolved [org.springframework.web.bind.MethodArgumentNotValidException: Validation failed for argument [0] in public org.springframework.http.ResponseEntity<antifraud.model.response.UserResponse> antifraud.controller.UserController.addUser(antifraud.model.request.UserRequest): [Field error in object 'userRequest' on field 'username': rejected value [null]; codes [NotEmpty.userRequest.username,NotEmpty.username,NotEmpty.java.lang.String,NotEmpty]; arguments [org.springframework.context.support.DefaultMessageSourceResolvable: codes [userRequest.username,username]; arguments []; default message [username]]; default message [must not be empty]] ]
?[0m?[1;31m
Start test 2?[0m
?[0;34mTest case
?[0m?[0;34mTesting api: '/api/auth/user'
?[0m?[0;34mrequest: '{
?[0m?[0;34m   "name": "John Doe 2",
?[0m?[0;34m   "username": "johndoe1"
?[0m?[0;34m}'
?[0m?[0;34mExpectations: 'In case of wrong data in request, endpoint must respond with BAD REQUEST  status (400).'
?[0m?[0;34m-----
?[0;34m2022-11-17 06:43:57.703  WARN 11944 --- [io-28852-exec-2] .w.s.m.s.DefaultHandlerExceptionResolver : Resolved [org.springframework.web.bind.MethodArgumentNotValidException: Validation failed for argument [0] in public org.springframework.http.ResponseEntity<antifraud.model.response.UserResponse> antifraud.controller.UserController.addUser(antifraud.model.request.UserRequest): [Field error in object 'userRequest' on field 'password': rejected value [null]; codes [NotEmpty.userRequest.password,NotEmpty.password,NotEmpty.java.lang.String,NotEmpty]; arguments [org.springframework.context.support.DefaultMessageSourceResolvable: codes [userRequest.password,password]; arguments []; default message [password]]; default message [must not be empty]] ]
?[0m?[1;31m
Start test 3?[0m
?[0;34mTest case
?[0m?[0;34mTesting api: '/api/auth/user'
?[0m?[0;34mrequest: '{
?[0m?[0;34m   "name": "John Doe 1",
?[0m?[0;34m   "username": "johndoe1",
?[0m?[0;34m   "password": "oMoa3VvqnLxW"
?[0m?[0;34m}'
?[0m?[0;34mExpectations: 'If user successfully added, endpoint must respond with HTTP CREATED status (201) '
?[0m?[0;34m-----
?[0m?[1;31m
Start test 4?[0m
?[0;34mTest case
?[0m?[0;34mTesting api: '/api/auth/list'
?[0m?[0;34mExpectations: 'Endpoint must respond with HTTP OK status (200) and body with array of objects representing the users sorted by ID in ascending order.'
?[0m?[0;34m-----
?[0m?[1;31m
Start test 5?[0m
?[0;34mTest case
?[0m?[0;34mTesting api: '/api/auth/user'
?[0m?[0;34mrequest: '{
?[0m?[0;34m   "name": "John Doe 1",
?[0m?[0;34m   "username": "johndoe1",
?[0m?[0;34m   "password": "oMoa3VvqnLxW"
?[0m?[0;34m}'
?[0m?[0;34mExpectations: 'If user successfully added, endpoint must respond with HTTP CREATED status (201) '
?[0m?[0;34m-----
?[0m?[1;31m
Start test 6?[0m
?[0;34mTest case
?[0m?[0;34mTesting api: '/api/auth/list'
?[0m?[0;34mExpectations: 'Endpoint must respond with HTTP OK status (200) and body with array of objects representing the users sorted by ID in ascending order.'
?[0m?[0;34m-----
?[0m?[1;31m
Start test 7?[0m
?[0;34mTest case
?[0m?[0;34mTesting api: '/api/auth/list'
?[0m?[0;34mExpectations: 'A user with incorrect credentials is not allowed'
?[0m?[0;34m-----
?[0;34m2022-11-17 06:43:58.574  INFO 11944 --- [io-28852-exec-3] a.config.security.WebSecurityConfig      : HttpBasic: req:http://localhost:28852/api/auth/list ,mes:User account is locked
?[0m?[0;34m2022-11-17 06:43:58.577  INFO 11944 --- [io-28852-exec-3] a.config.security.WebSecurityConfig      : HttpBasic: req:http://localhost:28852/error ,mes:Full authentication is required to access this resource
?[0m?[1;31m
Start test 8?[0m
?[0;34mTest case
?[0m?[0;34mTesting api: '/api/auth/list'
?[0m?[0;34mExpectations: 'A user with incorrect credentials is not allowed'
?[0m?[0;34m-----
?[0;34m2022-11-17 06:43:58.660  INFO 11944 --- [io-28852-exec-4] a.config.security.WebSecurityConfig      : HttpBasic: req:http://localhost:28852/api/auth/list ,mes:Bad credentials
?[0m?[0;34m2022-11-17 06:43:58.662  INFO 11944 --- [io-28852-exec-4] a.config.security.WebSecurityConfig      : HttpBasic: req:http://localhost:28852/error ,mes:Full authentication is required to access this resource
?[0m?[1;31m
Start test 9?[0m
?[0;34mTest case
?[0m?[0;34mTesting api: '/api/antifraud/transaction'
?[0m?[0;34mExpectations: 'Merchant after registration must be LOCKED'
?[0m?[0;34m-----
?[0;34m2022-11-17 06:43:58.670  INFO 11944 --- [io-28852-exec-7] a.config.security.WebSecurityConfig      : HttpBasic: req:http://localhost:28852/api/antifraud/transaction ,mes:User account is locked
?[0m?[0;34m2022-11-17 06:43:58.673  INFO 11944 --- [io-28852-exec-7] a.config.security.WebSecurityConfig      : HttpBasic: req:http://localhost:28852/error ,mes:Full authentication is required to access this resource
?[0m?[1;31m
Start test 10?[0m
?[0;34mTest case
?[0m?[0;34mTesting api: '/api/auth/access'
?[0m?[0;34mExpectations: 'A user johndoe1 must be UNLOCKED'
?[0m?[0;34m-----
?[0m?[1;31m
Start test 11?[0m
?[0;34mTest case
?[0m?[0;34mTesting api: '/api/antifraud/transaction'
?[0m?[0;34mExpectations: 'A user johndoe1 must be UNLOCKED'
?[0m?[0;34m-----
?[0m?[0;34m2022-11-17 06:43:58.930  INFO 11944 --- [io-28852-exec-1] antifraud.service.TransactionService     : Violation3: ALLOWED
?[0m?[1;31m
Start test 12?[0m
?[0;34mTest case
?[0m?[0;34mTesting api: '/api/antifraud/transaction'
?[0m?[0;34mrequest: 'amount = 1'
?[0m?[0;34mExpectations: 'Result validating of Transaction must be 'ALLOWED''
?[0m?[0;34m-----
?[0m?[0;34m2022-11-17 06:43:59.023  INFO 11944 --- [io-28852-exec-2] antifraud.service.TransactionService     : Violation3: ALLOWED
?[0m?[1;31m
Start test 13?[0m
?[0;34m2022-11-17 06:43:59.569  INFO 11944 --- [       Thread-5] o.apache.catalina.core.StandardService   : Stopping service [Tomcat]
?[0m?[0;34m2022-11-17 06:43:59.572  INFO 11944 --- [       Thread-5] o.a.c.c.C.[Tomcat].[localhost].[/]       : Destroying Spring FrameworkServlet 'dispatcherServlet'
?[0m?[0;34m2022-11-17 06:43:59.585  INFO 11944 --- [       Thread-5] j.LocalContainerEntityManagerFactoryBean : Closing JPA EntityManagerFactory for persistence unit 'default'
?[0m?[0;34m2022-11-17 06:43:59.589  INFO 11944 --- [       Thread-5] com.zaxxer.hikari.HikariDataSource       : HikariPool-1 - Shutdown initiated...
?[0m?[0;34m2022-11-17 06:43:59.597  INFO 11944 --- [       Thread-5] com.zaxxer.hikari.HikariDataSource       : HikariPool-1 - Shutdown completed.
?[0;34m
?[0m?[0;34m  .   ____          _            __ _ _
?[0m?[0;34m /\\ / ___'_ __ _ _(_)_ __  __ _ \ \ \ \
?[0m?[0;34m( ( )\___ | '_ | '_| | '_ \/ _` | \ \ \ \
?[0m?[0;34m \\/  ___)| |_)| | | | | || (_| |  ) ) ) )
?[0m?[0;34m  '  |____| .__|_| |_|_| |_\__, | / / / /
?[0m?[0;34m =========|_|==============|___/=/_/_/_/
?[0m?[0;34m :: Spring Boot ::                (v2.7.5)
?[0m?[0;34m
?[0m?[0;34m2022-11-17 06:44:09.985  INFO 11944 --- [    Test worker] antifraud.AntiFraudApplication           : Starting AntiFraudApplication using Java 17.0.1 on DESKTOP-KRM8ORQ with PID 11944 (started by Damian in E:\Damian\Projects\SoftServe\Internal\Anti-Fraud System\Anti-Fraud System\task)
?[0m?[0;34m2022-11-17 06:44:09.985  INFO 11944 --- [    Test worker] antifraud.AntiFraudApplication           : No active profile set, falling back to 1 default profile: "default"
?[0m?[0;34m2022-11-17 06:44:10.383  INFO 11944 --- [    Test worker] .s.d.r.c.RepositoryConfigurationDelegate : Bootstrapping Spring Data JPA repositories in DEFAULT mode.
?[0m?[0;34m2022-11-17 06:44:10.400  INFO 11944 --- [    Test worker] .s.d.r.c.RepositoryConfigurationDelegate : Finished Spring Data repository scanning in 16 ms. Found 4 JPA repository interfaces.
?[0m?[0;34m2022-11-17 06:44:10.563  INFO 11944 --- [    Test worker] o.s.b.w.embedded.tomcat.TomcatWebServer  : Tomcat initialized with port(s): 28852 (http)
?[0m?[0;34m2022-11-17 06:44:10.563  INFO 11944 --- [    Test worker] o.a.catalina.core.AprLifecycleListener   : Loaded Apache Tomcat Native library [1.2.32] using APR version [1.7.0].
?[0m?[0;34m2022-11-17 06:44:10.563  INFO 11944 --- [    Test worker] o.a.catalina.core.AprLifecycleListener   : APR capabilities: IPv6 [true], sendfile [true], accept filters [false], random [true], UDS [true].
?[0m?[0;34m2022-11-17 06:44:10.564  INFO 11944 --- [    Test worker] o.a.catalina.core.AprLifecycleListener   : APR/OpenSSL configuration: useAprConnector [false], useOpenSSL [true]
?[0m?[0;34m2022-11-17 06:44:10.564  INFO 11944 --- [    Test worker] o.a.catalina.core.AprLifecycleListener   : OpenSSL successfully initialized [OpenSSL 1.1.1n  15 Mar 2022]
?[0m?[0;34m2022-11-17 06:44:10.565  INFO 11944 --- [    Test worker] o.apache.catalina.core.StandardService   : Starting service [Tomcat]
?[0m?[0;34m2022-11-17 06:44:10.566  INFO 11944 --- [    Test worker] org.apache.catalina.core.StandardEngine  : Starting Servlet engine: [Apache Tomcat/9.0.68]
?[0m?[0;34m2022-11-17 06:44:10.611  INFO 11944 --- [    Test worker] o.a.c.c.C.[Tomcat].[localhost].[/]       : Initializing Spring embedded WebApplicationContext
?[0m?[0;34m2022-11-17 06:44:10.612  INFO 11944 --- [    Test worker] w.s.c.ServletWebServerApplicationContext : Root WebApplicationContext: initialization completed in 625 ms
?[0m?[0;34m2022-11-17 06:44:10.753  INFO 11944 --- [    Test worker] o.hibernate.jpa.internal.util.LogHelper  : HHH000204: Processing PersistenceUnitInfo [name: default]
?[0m?[0;34m2022-11-17 06:44:10.761  INFO 11944 --- [    Test worker] com.zaxxer.hikari.HikariDataSource       : HikariPool-2 - Starting...
?[0m?[0;34m2022-11-17 06:44:10.781  INFO 11944 --- [    Test worker] com.zaxxer.hikari.HikariDataSource       : HikariPool-2 - Start completed.
?[0m?[0;34m2022-11-17 06:44:10.782  INFO 11944 --- [    Test worker] org.hibernate.dialect.Dialect            : HHH000400: Using dialect: org.hibernate.dialect.H2Dialect
?[0m?[0;34m2022-11-17 06:44:10.867  INFO 11944 --- [    Test worker] o.h.e.t.j.p.i.JtaPlatformInitiator       : HHH000490: Using JtaPlatform implementation: [org.hibernate.engine.transaction.jta.platform.internal.NoJtaPlatform]
?[0m?[0;34m2022-11-17 06:44:10.867  INFO 11944 --- [    Test worker] j.LocalContainerEntityManagerFactoryBean : Initialized JPA EntityManagerFactory for persistence unit 'default'
?[0m?[0;34m2022-11-17 06:44:11.136  WARN 11944 --- [    Test worker] JpaBaseConfiguration$JpaWebConfiguration : spring.jpa.open-in-view is enabled by default. Therefore, database queries may be performed during view rendering. Explicitly configure spring.jpa.open-in-view to disable this warning
?[0m?[0;34m2022-11-17 06:44:11.330  INFO 11944 --- [    Test worker] o.s.b.a.e.web.EndpointLinksResolver      : Exposing 14 endpoint(s) beneath base path '/actuator'
?[0m?[0;34m2022-11-17 06:44:11.364  INFO 11944 --- [    Test worker] o.s.s.web.DefaultSecurityFilterChain     : Will secure any request with [org.springframework.security.web.session.DisableEncodeUrlFilter@7f1581bb, org.springframework.security.web.context.request.async.WebAsyncManagerIntegrationFilter@30407f28, org.springframework.security.web.context.SecurityContextPersistenceFilter@70ca533a, org.springframework.security.web.header.HeaderWriterFilter@1e82b631, org.springframework.security.web.authentication.logout.LogoutFilter@17179a7e, org.springframework.security.web.authentication.www.BasicAuthenticationFilter@51f91d19, org.springframework.security.web.savedrequest.RequestCacheAwareFilter@6945fdb8, org.springframework.security.web.servletapi.SecurityContextHolderAwareRequestFilter@627dfd9f, org.springframework.security.web.authentication.AnonymousAuthenticationFilter@2dac4d04, org.springframework.security.web.session.SessionManagementFilter@42c2a1da, org.springframework.security.web.access.ExceptionTranslationFilter@23674e3d, org.springframework.security.web.access.intercept.FilterSecurityInterceptor@21c7415e]
?[0m?[0;34m2022-11-17 06:44:11.500  INFO 11944 --- [    Test worker] o.s.b.w.embedded.tomcat.TomcatWebServer  : Tomcat started on port(s): 28852 (http) with context path ''
?[0m?[0;34m2022-11-17 06:44:11.509  INFO 11944 --- [    Test worker] antifraud.AntiFraudApplication           : Started AntiFraudApplication in 1.554 seconds (JVM running for 23.434)
?[0m?[1;31m
Start test 14?[0m
?[0;34mTest case
?[0m?[0;34mTesting api: '/api/auth/list'
?[0m?[0;34mExpectations: 'After restart user must exist'
?[0m?[0;34m-----
?[0;34m2022-11-17 06:44:11.519  INFO 11944 --- [io-28852-exec-1] o.a.c.c.C.[Tomcat].[localhost].[/]       : Initializing Spring DispatcherServlet 'dispatcherServlet'
?[0m?[0;34m2022-11-17 06:44:11.519  INFO 11944 --- [io-28852-exec-1] o.s.web.servlet.DispatcherServlet        : Initializing Servlet 'dispatcherServlet'
?[0m?[0;34m2022-11-17 06:44:11.521  INFO 11944 --- [io-28852-exec-1] o.s.web.servlet.DispatcherServlet        : Completed initialization in 2 ms
?[0m?[1;31m
Start test 15?[0m
?[0;34mTest case
?[0m?[0;34mTesting api: '/api/auth/user'
?[0m?[0;34mrequest: '{
?[0m?[0;34m   "name": "John Doe 1",
?[0m?[0;34m   "username": "johndoe1",
?[0m?[0;34m   "password": "oMoa3VvqnLxW"
?[0m?[0;34m}'
?[0m?[0;34mExpectations: 'In case of an attempt to register an existing user, endpoint must respond with HTTP CONFLICT status (409).'
?[0m?[0;34m-----
?[0m?[1;31m
Start test 16?[0m
?[0;34mTest case
?[0m?[0;34mTesting api: '/api/auth/user'
?[0m?[0;34mrequest: '{
?[0m?[0;34m   "name": "John Doe 2",
?[0m?[0;34m   "username": "johndoe2",
?[0m?[0;34m   "password": "oMoa5VvqnLxW"
?[0m?[0;34m}'
?[0m?[0;34mExpectations: 'If user successfully added, endpoint must respond with HTTP CREATED status (201) '
?[0m?[0;34m-----
?[0m?[1;31m
Start test 17?[0m
?[0;34mTest case
?[0m?[0;34mTesting api: '/api/auth/list'
?[0m?[0;34mExpectations: 'Endpoint must respond with HTTP OK status (200) and body with array of objects representing the users sorted by ID in ascending order.'
?[0m?[0;34m-----
?[0m?[1;31m
Start test 18?[0m
?[0;34mTest case
?[0m?[0;34mTesting api: '/api/antifraud/transaction'
?[0m?[0;34mrequest: 'amount = 199'
?[0m?[0;34mExpectations: 'Result validating of Transaction must be 'ALLOWED''
?[0m?[0;34m-----
?[0;34m2022-11-17 06:44:12.042  INFO 11944 --- [io-28852-exec-9] antifraud.service.TransactionService     : Violation3: ALLOWED
?[0m?[1;31m
Start test 19?[0m
?[0;34mTest case
?[0m?[0;34mTesting api: '/api/antifraud/transaction'
?[0m?[0;34mrequest: 'amount = 200'
?[0m?[0;34mExpectations: 'Result validating of Transaction must be 'ALLOWED''
?[0m?[0;34m-----
?[0;34m2022-11-17 06:44:12.140  INFO 11944 --- [io-28852-exec-6] antifraud.service.TransactionService     : Violation3: ALLOWED
?[0m?[1;31m
Start test 20?[0m
?[0;34mTest case
?[0m?[0;34mTesting api: '/api/antifraud/transaction'
?[0m?[0;34mrequest: 'amount = 201'
?[0m?[0;34mExpectations: 'Result validating of Transaction must be 'MANUAL_PROCESSING''
?[0m?[0;34m-----
?[0;34m2022-11-17 06:44:12.243  INFO 11944 --- [io-28852-exec-3] antifraud.service.TransactionService     : Violation3: MANUAL_PROCESSING
?[0m?[1;31m
Start test 21?[0m
?[0;34mTest case
?[0m?[0;34mTesting api: '/api/antifraud/transaction'
?[0m?[0;34mrequest: 'amount = 1499'
?[0m?[0;34mExpectations: 'Result validating of Transaction must be 'MANUAL_PROCESSING''
?[0m?[0;34m-----
?[0;34m2022-11-17 06:44:12.353  INFO 11944 --- [io-28852-exec-2] antifraud.service.TransactionService     : Violation3: MANUAL_PROCESSING
?[0m?[1;31m
Start test 22?[0m
?[0;34mTest case
?[0m?[0;34mTesting api: '/api/antifraud/transaction'
?[0m?[0;34mrequest: 'amount = 1500'
?[0m?[0;34mExpectations: 'Result validating of Transaction must be 'MANUAL_PROCESSING''
?[0m?[0;34m-----
?[0;34m2022-11-17 06:44:12.475  INFO 11944 --- [o-28852-exec-10] antifraud.service.TransactionService     : Violation3: MANUAL_PROCESSING
?[0m?[1;31m
Start test 23?[0m
?[0;34mTest case
?[0m?[0;34mTesting api: '/api/antifraud/transaction'
?[0m?[0;34mrequest: 'amount = 1501'
?[0m?[0;34mExpectations: 'Result validating of Transaction must be 'PROHIBITED''
?[0m?[0;34m-----
?[0m?[1;31m
Start test 24?[0m
?[0;34mTest case
?[0m?[0;34mTesting api: '/api/antifraud/transaction'
?[0m?[0;34mrequest: 'amount = 2000'
?[0m?[0;34mExpectations: 'Result validating of Transaction must be 'PROHIBITED''
?[0m?[0;34m-----
?[0m?[1;31m
Start test 25?[0m
?[0;34mTest case
?[0m?[0;34mTesting api: '/api/antifraud/transaction'
?[0m?[0;34mrequest: 'amount = -1'
?[0m?[0;34mExpectations: 'Response status must be 'Bad request''
?[0m?[0;34m-----
?[0;34m2022-11-17 06:44:12.847  WARN 11944 --- [io-28852-exec-4] .w.s.m.s.DefaultHandlerExceptionResolver : Resolved [org.springframework.web.bind.MethodArgumentNotValidException: Validation failed for argument [0] in public antifraud.model.response.TransactionResponse antifraud.controller.TransactionController.checkTransaction(antifraud.model.request.TransactionRequest): [Field error in object 'transactionRequest' on field 'amount': rejected value [-1]; codes [Positive.transactionRequest.amount,Positive.amount,Positive.java.lang.Long,Positive]; arguments [org.springframework.context.support.DefaultMessageSourceResolvable: codes [transactionRequest.amount,amount]; arguments []; default message [amount]]; default message [must be greater than 0]] ]
?[0m?[1;31m
Start test 26?[0m
?[0;34mTest case
?[0m?[0;34mTesting api: '/api/antifraud/transaction'
?[0m?[0;34mrequest: 'amount = 0'
?[0m?[0;34mExpectations: 'Response status must be 'Bad request''
?[0m?[0;34m-----
?[0;34m2022-11-17 06:44:12.960  WARN 11944 --- [io-28852-exec-5] .w.s.m.s.DefaultHandlerExceptionResolver : Resolved [org.springframework.web.bind.MethodArgumentNotValidException: Validation failed for argument [0] in public antifraud.model.response.TransactionResponse antifraud.controller.TransactionController.checkTransaction(antifraud.model.request.TransactionRequest): [Field error in object 'transactionRequest' on field 'amount': rejected value [0]; codes [Positive.transactionRequest.amount,Positive.amount,Positive.java.lang.Long,Positive]; arguments [org.springframework.context.support.DefaultMessageSourceResolvable: codes [transactionRequest.amount,amount]; arguments []; default message [amount]]; default message [must be greater than 0]] ]
?[0m?[1;31m
Start test 27?[0m
?[0;34mTest case
?[0m?[0;34mTesting api: '/api/antifraud/transaction'
?[0m?[0;34mrequest: 'amount = null'
?[0m?[0;34mExpectations: 'Response status must be 'Bad request''
?[0m?[0;34m-----
?[0;34m2022-11-17 06:44:13.067  WARN 11944 --- [io-28852-exec-8] .w.s.m.s.DefaultHandlerExceptionResolver : Resolved [org.springframework.web.bind.MethodArgumentNotValidException: Validation failed for argument [0] in public antifraud.model.response.TransactionResponse antifraud.controller.TransactionController.checkTransaction(antifraud.model.request.TransactionRequest): [Field error in object 'transactionRequest' on field 'amount': rejected value [null]; codes [NotNull.transactionRequest.amount,NotNull.amount,NotNull.java.lang.Long,NotNull]; arguments [org.springframework.context.support.DefaultMessageSourceResolvable: codes [transactionRequest.amount,amount]; arguments []; default message [amount]]; default message [must not be null]] ]
?[0m?[1;31m
Start test 28?[0m
?[0;34mTest case
?[0m?[0;34mTesting api: '/api/antifraud/transaction'
?[0m?[0;34mrequest: 'amount = ""'
?[0m?[0;34mExpectations: 'Response status must be 'Bad request''
?[0m?[0;34m-----
?[0m?[0;34m2022-11-17 06:44:13.174  WARN 11944 --- [io-28852-exec-9] .w.s.m.s.DefaultHandlerExceptionResolver : Resolved [org.springframework.web.bind.MethodArgumentNotValidException: Validation failed for argument [0] in public antifraud.model.response.TransactionResponse antifraud.controller.TransactionController.checkTransaction(antifraud.model.request.TransactionRequest): [Field error in object 'transactionRequest' on field 'amount': rejected value [null]; codes [NotNull.transactionRequest.amount,NotNull.amount,NotNull.java.lang.Long,NotNull]; arguments [org.springframework.context.support.DefaultMessageSourceResolvable: codes [transactionRequest.amount,amount]; arguments []; default message [amount]]; default message [must not be null]] ]
?[0m?[1;31m
Start test 29?[0m
?[0;34mTest case
?[0m?[0;34mTesting api: '/api/antifraud/transaction'
?[0m?[0;34mrequest: 'amount = " "'
?[0m?[0;34mExpectations: 'Response status must be 'Bad request''
?[0m?[0;34m-----
?[0m?[0;34m2022-11-17 06:44:13.277  WARN 11944 --- [io-28852-exec-6] .w.s.m.s.DefaultHandlerExceptionResolver : Resolved [org.springframework.web.bind.MethodArgumentNotValidException: Validation failed for argument [0] in public antifraud.model.response.TransactionResponse antifraud.controller.TransactionController.checkTransaction(antifraud.model.request.TransactionRequest): [Field error in object 'transactionRequest' on field 'amount': rejected value [null]; codes [NotNull.transactionRequest.amount,NotNull.amount,NotNull.java.lang.Long,NotNull]; arguments [org.springframework.context.support.DefaultMessageSourceResolvable: codes [transactionRequest.amount,amount]; arguments []; default message [amount]]; default message [must not be null]] ]
?[0m?[1;31m
Start test 30?[0m
?[0;34mTest case
?[0m?[0;34mTesting api: '/api/antifraud/transaction'
?[0m?[0;34mrequest: 'empty body'
?[0m?[0;34mExpectations: 'Response status must be 'Bad request''
?[0m?[0;34m-----
?[0m?[0;34m2022-11-17 06:44:13.379  WARN 11944 --- [io-28852-exec-3] .w.s.m.s.DefaultHandlerExceptionResolver : Resolved [org.springframework.web.bind.MethodArgumentNotValidException: Validation failed for argument [0] in public antifraud.model.response.TransactionResponse antifraud.controller.TransactionController.checkTransaction(antifraud.model.request.TransactionRequest) with 4 errors: [Field error in object 'transactionRequest' on field 'ip': rejected value [null]; codes [NotEmpty.transactionRequest.ip,NotEmpty.ip,NotEmpty.java.lang.String,NotEmpty]; arguments [org.springframework.context.support.DefaultMessageSourceResolvable: codes [transactionRequest.ip,ip]; arguments []; default message [ip]]; default message [must not be empty]] [Field error in object 'transactionRequest' on field 'region': rejected value [null]; codes [RegionCheck.transactionRequest.region,RegionCheck.region,RegionCheck.antifraud.model.enums.Region,RegionCheck]; arguments [org.springframework.context.support.DefaultMessageSourceResolvable: codes [transactionRequest.region,region]; arguments []; default message [region]]; default message [Region is not correct]] [Field error in object 'transactionRequest' on field 'amount': rejected value [null]; codes [NotNull.transactionRequest.amount,NotNull.amount,NotNull.java.lang.Long,NotNull]; arguments [org.springframework.context.support.DefaultMessageSourceResolvable: codes [transactionRequest.amount,amount]; arguments []; default message [amount]]; default message [must not be null]] [Field error in object 'transactionRequest' on field 'number': rejected value [null]; codes [NotEmpty.transactionRequest.number,NotEmpty.number,NotEmpty.java.lang.String,NotEmpty]; arguments [org.springframework.context.support.DefaultMessageSourceResolvable: codes [transactionRequest.number,number]; arguments []; default message [number]]; default message [must not be empty]] ]
?[0m?[1;31m
Start test 31?[0m
?[0;34mTest case
?[0m?[0;34mTesting api: '/api/auth/user'
?[0m?[0;34mrequest: '/api/auth/user/somebody'
?[0m?[0;34mExpectations: 'If a user is not found, respond with HTTP Not Found status (404).'
?[0m?[0;34m-----
?[0m?[1;31m
Start test 32?[0m
?[0;34mTest case
?[0m?[0;34mTesting api: '/api/auth/user'
?[0m?[0;34mrequest: '/api/auth/user/johndoe1'
?[0m?[0;34mExpectations: 'The endpoint must delete the user and respond with HTTP OK status (200)'
?[0m?[0;34m-----
?[0m?[1;31m
Start test 33?[0m
?[0;34mTest case
?[0m?[0;34mTesting api: '/api/auth/list'
?[0m?[0;34mExpectations: 'User 'johndoe1' must be delete'
?[0m?[0;34m-----
?[0m?[1;31m
Start test 34?[0m
?[0;34mTest case
?[0m?[0;34mTesting api: '/api/auth/role'
?[0m?[0;34mExpectations: 'If a user is not found, endpoint must respond with the HTTP Not Found status (404).'
?[0m?[0;34m-----
?[0m?[1;31m
Start test 35?[0m
?[0;34mTest case
?[0m?[0;34mTesting api: '/api/auth/role'
?[0m?[0;34mExpectations: 'If a role is not found, endpoint must respond with the HTTP Bad Request status (400).'
?[0m?[0;34m-----
?[0m?[0;34m2022-11-17 06:44:13.917  WARN 11944 --- [io-28852-exec-4] .w.s.m.s.DefaultHandlerExceptionResolver : Resolved [org.springframework.http.converter.HttpMessageNotReadableException: JSON parse error: Cannot deserialize value of type `antifraud.model.enums.Role` from String "USER": not one of the values accepted for Enum class: [MERCHANT, ADMINISTRATOR, SUPPORT, ANONYMOUS]; nested exception is com.fasterxml.jackson.databind.exc.InvalidFormatException: Cannot deserialize value of type `antifraud.model.enums.Role` from String "USER": not one of the values accepted for Enum class: [MERCHANT, ADMINISTRATOR, SUPPORT, ANONYMOUS]<EOL> at [Source: (org.springframework.util.StreamUtils$NonClosingInputStream); line: 1, column: 31] (through reference chain: antifraud.model.request.ChangeRoleRequest["role"])]
?[0m?[1;31m
Start test 36?[0m
?[0;34mTest case
?[0m?[0;34mTesting api: '/api/auth/role'
?[0m?[0;34mExpectations: 'If a role is ADMINISTRATOR, endpoint must respond with the HTTP Bad Request status (400).'
?[0m?[0;34m-----
?[0m?[1;31m
Start test 37?[0m
?[0;34mTest case
?[0m?[0;34mTesting api: '/api/auth/role'
?[0m?[0;34mExpectations: 'If a role successfully changed, respond with the HTTP OK status (200)'
?[0m?[0;34m-----
?[0m?[1;31m
Start test 38?[0m
?[0;34mTest case
?[0m?[0;34mTesting api: '/api/auth/role'
?[0m?[0;34mExpectations: 'If a role already assigned to a user, endpoint must respond with the HTTP Conflict status (409).'
?[0m?[0;34m-----
?[0m?[1;31m
Start test 39?[0m
?[0;34mTest case
?[0m?[0;34mTesting api: '/api/auth/access'
?[0m?[0;34mExpectations: 'A user johndoe2 must be UNLOCKED'
?[0m?[0;34m-----
?[0m?[1;31m
Start test 40?[0m
?[0;34mTest case
?[0m?[0;34mTesting api: '/api/auth/list'
?[0m?[0;34mExpectations: 'Role for user 'johndoe2' must be changed to SUPPORT'
?[0m?[0;34m-----
?[0m?[1;31m
Start test 41?[0m
?[0;34mTest case
?[0m?[0;34mTesting api: '/api/antifraud/transaction'
?[0m?[0;34mExpectations: 'Role MERCHANT must be removed from user johndoe2!'
?[0m?[0;34m-----
?[0m?[1;31m
Start test 42?[0m
?[0;34mTest case
?[0m?[0;34mTesting api: '/api/auth/user'
?[0m?[0;34mrequest: '{
?[0m?[0;34m   "name": "John Doe 3",
?[0m?[0;34m   "username": "johndoe3",
?[0m?[0;34m   "password": "oMoa6VvqnLxW"
?[0m?[0;34m}'
?[0m?[0;34mExpectations: 'If user successfully added, endpoint must respond with HTTP CREATED status (201) '
?[0m?[0;34m-----
?[0m?[1;31m
Start test 43?[0m
?[0;34mTest case
?[0m?[0;34mTesting api: '/api/antifraud/transaction'
?[0m?[0;34mExpectations: 'MERCHANT user after registration must be LOCKED'
?[0m?[0;34m-----
?[0;34m2022-11-17 06:44:14.640  INFO 11944 --- [io-28852-exec-7] a.config.security.WebSecurityConfig      : HttpBasic: req:http://localhost:28852/api/antifraud/transaction ,mes:User account is locked
?[0m?[0;34m2022-11-17 06:44:14.643  INFO 11944 --- [io-28852-exec-7] a.config.security.WebSecurityConfig      : HttpBasic: req:http://localhost:28852/error ,mes:Full authentication is required to access this resource
?[0m?[1;31m
Start test 44?[0m
?[0;34mTest case
?[0m?[0;34mTesting api: '/api/auth/access'
?[0m?[0;34mExpectations: 'A user johndoe3 must be UNLOCKED'
?[0m?[0;34m-----
?[0m?[1;31m
Start test 45?[0m
?[0;34mTest case
?[0m?[0;34mTesting api: '/api/antifraud/transaction'
?[0m?[0;34mExpectations: 'A user johndoe3 must be UNLOCKED'
?[0m?[0;34m-----
?[0m?[0;34m2022-11-17 06:44:14.866  INFO 11944 --- [io-28852-exec-4] antifraud.service.TransactionService     : Violation3: ALLOWED
?[0m?[1;31m
Start test 46?[0m
?[0;34mTest case
?[0m?[0;34mTesting api: '/api/auth/access'
?[0m?[0;34mExpectations: 'A user johndoe3 must be LOCKED'
?[0m?[0;34m-----
?[0m?[1;31m
Start test 47?[0m
?[0;34mTest case
?[0m?[0;34mTesting api: '/api/antifraud/transaction'
?[0m?[0;34mExpectations: 'A user johndoe3 must be LOCKED'
?[0m?[0;34m-----
?[0m?[0;34m2022-11-17 06:44:14.996  INFO 11944 --- [io-28852-exec-8] a.config.security.WebSecurityConfig      : HttpBasic: req:http://localhost:28852/api/antifraud/transaction ,mes:User account is locked
?[0m?[0;34m2022-11-17 06:44:14.999  INFO 11944 --- [io-28852-exec-8] a.config.security.WebSecurityConfig      : HttpBasic: req:http://localhost:28852/error ,mes:Full authentication is required to access this resource
?[0m?[1;31m
Start test 48?[0m
?[0;34mTest case
?[0m?[0;34mTesting api: '/api/auth/access'
?[0m?[0;34mExpectations: 'A user johndoe3 must be UNLOCKED'
?[0m?[0;34m-----
?[0m?[1;31m
Start test 49?[0m
?[0;34mTest case
?[0m?[0;34mTesting api: '/api/antifraud/transaction'
?[0m?[0;34mExpectations: 'A user with role ADMINISTRATOR must not have access to /api/antifraud/transaction'
?[0m?[0;34m-----
?[0m?[1;31m
Start test 50?[0m
?[0;34mTest case
?[0m?[0;34mTesting api: '/api/antifraud/transaction'
?[0m?[0;34mExpectations: 'A user with role SUPPORT must not have access to /api/antifraud/transaction'
?[0m?[0;34m-----
?[0m?[1;31m
Start test 51?[0m
?[0;34mTest case
?[0m?[0;34mTesting api: '/api/antifraud/transaction'
?[0m?[0;34mExpectations: 'A user with role ANONYMOUS must not have access to /api/antifraud/transaction'
?[0m?[0;34m-----
?[0m?[0;34m2022-11-17 06:44:15.402  INFO 11944 --- [io-28852-exec-2] a.config.security.WebSecurityConfig      : HttpBasic: req:http://localhost:28852/api/antifraud/transaction ,mes:Full authentication is required to access this resource
?[0m?[1;31m
Start test 52?[0m
?[0;34mTest case
?[0m?[0;34mTesting api: '/api/auth/user'
?[0m?[0;34mExpectations: 'A user with role ANONYMOUS must not have access to DELETE /api/auth/user'
?[0m?[0;34m-----
?[0m?[0;34m2022-11-17 06:44:15.411  INFO 11944 --- [o-28852-exec-10] a.config.security.WebSecurityConfig      : HttpBasic: req:http://localhost:28852/api/auth/user/johndoe1 ,mes:Full authentication is required to access this resource
?[0m?[1;31m
Start test 53?[0m
?[0;34mTest case
?[0m?[0;34mTesting api: '/api/auth/user'
?[0m?[0;34mExpectations: 'A user with role SUPPORT must not have access to DELETE /api/auth/user'
?[0m?[0;34m-----
?[0m?[1;31m
Start test 54?[0m
?[0;34mTest case
?[0m?[0;34mTesting api: '/api/auth/user'
?[0m?[0;34mExpectations: 'A user with role MERCHANT must not have access to DELETE /api/auth/user'
?[0m?[0;34m-----
?[0m?[1;31m
Start test 55?[0m
?[0;34mTest case
?[0m?[0;34mTesting api: '/api/auth/list'
?[0m?[0;34mExpectations: 'A user with role ANONYMOUS must not have access to /api/auth/list'
?[0m?[0;34m-----
?[0m?[0;34m2022-11-17 06:44:15.653  INFO 11944 --- [io-28852-exec-4] a.config.security.WebSecurityConfig      : HttpBasic: req:http://localhost:28852/api/auth/list ,mes:Full authentication is required to access this resource
?[0m?[1;31m
Start test 56?[0m
?[0;34mTest case
?[0m?[0;34mTesting api: '/api/auth/list'
?[0m?[0;34mExpectations: 'A user with role MERCHANT must not have access to /api/auth/list'
?[0m?[0;34m-----
?[0m?[1;31m
Start test 57?[0m
?[0;34mTest case
?[0m?[0;34mTesting api: '/api/antifraud/suspicious-ip'
?[0m?[0;34mExpectations: 'A user with role ADMINISTRATOR must not have access to GET /api/antifraud/suspicious-ip'
?[0m?[0;34m-----
?[0m?[1;31m
Start test 58?[0m
?[0;34mTest case
?[0m?[0;34mTesting api: '/api/antifraud/suspicious-ip'
?[0m?[0;34mExpectations: 'A user with role MERCHANT must not have access to GET /api/antifraud/suspicious-ip'
?[0m?[0;34m-----
?[0m?[1;31m
Start test 59?[0m
?[0;34mTest case
?[0m?[0;34mTesting api: '/api/antifraud/suspicious-ip'
?[0m?[0;34mExpectations: 'A user with role ADMINISTRATOR must not have access to POST /api/antifraud/suspicious-ip'
?[0m?[0;34m-----
?[0m?[1;31m
Start test 60?[0m
?[0;34mTest case
?[0m?[0;34mTesting api: '/api/antifraud/suspicious-ip'
?[0m?[0;34mExpectations: 'A user with role MERCHANT must not have access to POST /api/antifraud/suspicious-ip'
?[0m?[0;34m-----
?[0m?[1;31m
Start test 61?[0m
?[0;34mTest case
?[0m?[0;34mTesting api: '/api/antifraud/suspicious-ip'
?[0m?[0;34mExpectations: 'A user with role ADMINISTRATOR must not have access to DELETE /api/antifraud/suspicious-ip'
?[0m?[0;34m-----
?[0m?[1;31m
Start test 62?[0m
?[0;34mTest case
?[0m?[0;34mTesting api: '/api/antifraud/suspicious-ip'
?[0m?[0;34mExpectations: 'A user with role MERCHANT must not have access to DELETE /api/antifraud/suspicious-ip'
?[0m?[0;34m-----
?[0m?[1;31m
Start test 63?[0m
?[0;34mTest case
?[0m?[0;34mTesting api: '/api/antifraud/stolencard'
?[0m?[0;34mExpectations: 'A user with role ADMINISTRATOR must not have access to GET /api/antifraud/stolencard'
?[0m?[0;34m-----
?[0m?[1;31m
Start test 64?[0m
?[0;34mTest case
?[0m?[0;34mTesting api: '/api/antifraud/stolencard'
?[0m?[0;34mExpectations: 'A user with role MERCHANT must not have access to GET /api/antifraud/stolencard'
?[0m?[0;34m-----
?[0m?[1;31m
Start test 65?[0m
?[0;34mTest case
?[0m?[0;34mTesting api: '/api/antifraud/stolencard'
?[0m?[0;34mExpectations: 'A user with role ADMINISTRATOR must not have access to POST /api/antifraud/stolencard'
?[0m?[0;34m-----
?[0m?[1;31m
Start test 66?[0m
?[0;34mTest case
?[0m?[0;34mTesting api: '/api/antifraud/stolencard'
?[0m?[0;34mExpectations: 'A user with role MERCHANT must not have access to POST /api/antifraud/stolencard'
?[0m?[0;34m-----
?[0m?[1;31m
Start test 67?[0m
?[0;34mTest case
?[0m?[0;34mTesting api: '/api/antifraud/stolencard'
?[0m?[0;34mExpectations: 'A user with role ADMINISTRATOR must not have access to DELETE /api/antifraud/stolencard'
?[0m?[0;34m-----
?[0m?[1;31m
Start test 68?[0m
?[0;34mTest case
?[0m?[0;34mTesting api: '/api/antifraud/stolencard'
?[0m?[0;34mExpectations: 'A user with role MERCHANT must not have access to DELETE /api/antifraud/stolencard'
?[0m?[0;34m-----
?[0m?[1;31m
Start test 69?[0m
?[0;34mTest case
?[0m?[0;34mTesting api: '/api/antifraud/suspicious-ip'
?[0m?[0;34mExpectations: 'Endpoint must respond with empty array'
?[0m?[0;34m-----
?[0m?[0;34m2022-11-17 06:44:17.148  INFO 11944 --- [io-28852-exec-6] a.controller.SuspiciousIpController      : All ips should be null []
?[0m?[1;31m
Start test 70?[0m
?[0;34mTest case
?[0m?[0;34mTesting api: '/api/antifraud/suspicious-ip'
?[0m?[0;34mExpectations: 'IP must be added to Black List'
?[0m?[0;34m-----
?[0m?[1;31m
Start test 71?[0m
?[0;34mTest case
?[0m?[0;34mTesting api: '/api/antifraud/suspicious-ip'
?[0m?[0;34mExpectations: 'If IP already in database,  endpoint must respond with the HTTP Conflict status (409).'
?[0m?[0;34m-----
?[0m?[1;31m
Start test 72?[0m
?[0;34mTest case
?[0m?[0;34mTesting api: '/api/antifraud/suspicious-ip'
?[0m?[0;34mExpectations: 'If IP doesn't have right format, respond with HTTP Bad Request status (400)'
?[0m?[0;34m-----
?[0m?[1;31m
Start test 73?[0m
?[0;34mTest case
?[0m?[0;34mTesting api: '/api/antifraud/suspicious-ip'
?[0m?[0;34mExpectations: 'If IP doesn't have right format, respond with HTTP Bad Request status (400)'
?[0m?[0;34m-----
?[0m?[1;31m
Start test 74?[0m
?[0;34mTest case
?[0m?[0;34mTesting api: '/api/antifraud/suspicious-ip'
?[0m?[0;34mExpectations: 'IP must be added to Black List'
?[0m?[0;34m-----
?[0m?[1;31m
Start test 75?[0m
?[0;34mTest case
?[0m?[0;34mTesting api: '/api/antifraud/suspicious-ip'
?[0m?[0;34mExpectations: 'Endpoint must responds with Black List'
?[0m?[0;34m-----
?[0m?[0;34m2022-11-17 06:44:17.820  INFO 11944 --- [io-28852-exec-4] a.controller.SuspiciousIpController      : All ips should be null [antifraud.model.IpAddress@67693b6a, antifraud.model.IpAddress@67693ba6]
?[0m?[1;31m
Start test 76?[0m
?[0;34mTest case
?[0m?[0;34mTesting api: '/api/antifraud/suspicious-ip'
?[0m?[0;34mExpectations: 'IP must be removed from Black List'
?[0m?[0;34m-----
?[0m?[1;31m
Start test 77?[0m
?[0;34mTest case
?[0m?[0;34mTesting api: '/api/antifraud/suspicious-ip'
?[0m?[0;34mExpectations: 'If IP not found in database, respond with the HTTP Not Found status (404).'
?[0m?[0;34m-----
?[0m?[1;31m
Start test 78?[0m
?[0;34mTest case
?[0m?[0;34mTesting api: '/api/antifraud/suspicious-ip'
?[0m?[0;34mExpectations: 'If IP doesn't have right format, respond with HTTP Bad Request status (400)'
?[0m?[0;34m-----
?[0m?[1;31m
Start test 79?[0m
?[0;34mTest case
?[0m?[0;34mTesting api: '/api/antifraud/suspicious-ip'
?[0m?[0;34mExpectations: 'IP must be removed from Black List'
?[0m?[0;34m-----
?[0m?[0;34m2022-11-17 06:44:18.251  INFO 11944 --- [io-28852-exec-6] a.controller.SuspiciousIpController      : All ips should be null [antifraud.model.IpAddress@67693ba6]
?[0m?[1;31m
Start test 80?[0m
?[0;34mTest case
?[0m?[0;34mTesting api: '/api/antifraud/stolencard'
?[0m?[0;34mExpectations: 'Endpoint must respond with empty array'
?[0m?[0;34m-----
?[0m?[1;31m
Start test 81?[0m
?[0;34mTest case
?[0m?[0;34mTesting api: '/api/antifraud/stolencard'
?[0m?[0;34mExpectations: 'A card must be added to Black List'
?[0m?[0;34m-----
?[0m?[1;31m
Start test 82?[0m
?[0;34mTest case
?[0m?[0;34mTesting api: '/api/antifraud/stolencard'
?[0m?[0;34mExpectations: 'If card-number already in database, endpoint must respond with the HTTP Conflict status (409).'
?[0m?[0;34m-----
?[0m?[1;31m
Start test 83?[0m
?[0;34mTest case
?[0m?[0;34mTesting api: '/api/antifraud/stolencard'
?[0m?[0;34mExpectations: 'If card-number doesn't have right format, endpoint must respond with HTTP Bad Request status (400).'
?[0m?[0;34m-----
?[0m?[0;34m2022-11-17 06:44:18.678  WARN 11944 --- [io-28852-exec-7] .w.s.m.s.DefaultHandlerExceptionResolver : Resolved [org.springframework.web.bind.MethodArgumentNotValidException: Validation failed for argument [0] in public org.springframework.http.ResponseEntity<antifraud.model.StolenCard> antifraud.controller.StolenCardController.saveStolenCard(antifraud.model.request.StolenCardRequest): [Field error in object 'stolenCardRequest' on field 'number': rejected value [400000330506103]; codes [CreditCardNumber.stolenCardRequest.number,CreditCardNumber.number,CreditCardNumber.java.lang.String,CreditCardNumber]; arguments [org.springframework.context.support.DefaultMessageSourceResolvable: codes [stolenCardRequest.number,number]; arguments []; default message [number],false]; default message [invalid credit card number]] ]
?[0m?[1;31m
Start test 84?[0m
?[0;34mTest case
?[0m?[0;34mTesting api: '/api/antifraud/stolencard'
?[0m?[0;34mExpectations: 'If checksum of card-number is wrong, endpoint must respond with HTTP Bad Request status (400).'
?[0m?[0;34m-----
?[0m?[0;34m2022-11-17 06:44:18.768  WARN 11944 --- [io-28852-exec-1] .w.s.m.s.DefaultHandlerExceptionResolver : Resolved [org.springframework.web.bind.MethodArgumentNotValidException: Validation failed for argument [0] in public org.springframework.http.ResponseEntity<antifraud.model.StolenCard> antifraud.controller.StolenCardController.saveStolenCard(antifraud.model.request.StolenCardRequest): [Field error in object 'stolenCardRequest' on field 'number': rejected value [4000003305061033]; codes [CreditCardNumber.stolenCardRequest.number,CreditCardNumber.number,CreditCardNumber.java.lang.String,CreditCardNumber]; arguments [org.springframework.context.support.DefaultMessageSourceResolvable: codes [stolenCardRequest.number,number]; arguments []; default message [number],false]; default message [invalid credit card number]] ]
?[0m?[1;31m
Start test 85?[0m
?[0;34mTest case
?[0m?[0;34mTesting api: '/api/antifraud/stolencard'
?[0m?[0;34mExpectations: 'A card must be added to Black List'
?[0m?[0;34m-----
?[0m?[1;31m
Start test 86?[0m
?[0;34mTest case
?[0m?[0;34mTesting api: '/api/antifraud/stolencard'
?[0m?[0;34mExpectations: 'Endpoint must responds with Black List'
?[0m?[0;34m-----
?[0m?[1;31m
Start test 87?[0m
?[0;34mTest case
?[0m?[0;34mTesting api: '/api/antifraud/stolencard'
?[0m?[0;34mExpectations: 'Card must be removed from Black List'
?[0m?[0;34m-----
?[0m?[1;31m
Start test 88?[0m
?[0;34mTest case
?[0m?[0;34mTesting api: '/api/antifraud/stolencard'
?[0m?[0;34mExpectations: 'If card-number not found in database, respond with the HTTP Not Found status (404).'
?[0m?[0;34m-----
?[0m?[1;31m
Start test 89?[0m
?[0;34mTest case
?[0m?[0;34mTesting api: '/api/antifraud/stolencard'
?[0m?[0;34mExpectations: 'If card-number doesn't have right format, endpoint must respond with HTTP Bad Request status (400).'
?[0m?[0;34m-----
?[0m?[1;31m
Start test 90?[0m
?[0;34mTest case
?[0m?[0;34mTesting api: '/api/antifraud/stolencard'
?[0m?[0;34mExpectations: 'Card must be removed from Black List'
?[0m?[0;34m-----
?[0m?[1;31m
Start test 91?[0m
?[0;34mTest case
?[0m?[0;34mTesting api: '/api/antifraud/transaction'
?[0m?[0;34mExpectations: 'Transaction must be PROHIBITED due to - suspicious ip reason'
?[0m?[0;34m-----
?[0m?[1;31m
Start test 92?[0m
?[0;34mTest case
?[0m?[0;34mTesting api: '/api/antifraud/transaction'
?[0m?[0;34mExpectations: 'Transaction must be PROHIBITED due to - stolen card reason'
?[0m?[0;34m-----
?[0m?[1;31m
Start test 93?[0m
?[0;34mTest case
?[0m?[0;34mTesting api: '/api/antifraud/transaction'
?[0m?[0;34mExpectations: 'Transaction must be PROHIBITED due to - stolen card, suspicious ip reasons'
?[0m?[0;34m-----
?[0m?[1;31m
Start test 94?[0m
?[0;34mTest case
?[0m?[0;34mTesting api: '/api/antifraud/transaction'
?[0m?[0;34mExpectations: 'Transaction must be PROHIBITED due to - amount, stolen card, suspicious ip reasons'
?[0m?[0;34m-----
?[0m?[1;31m
Start test 95?[0m
?[0;34mTest case
?[0m?[0;34mTesting api: '/api/antifraud/transaction'
?[0m?[0;34mExpectations: 'Transaction must be ALLOWED'
?[0m?[0;34m-----
?[0m?[0;34m2022-11-17 06:44:19.723  INFO 11944 --- [io-28852-exec-4] antifraud.service.TransactionService     : Violation3: ALLOWED
?[0m?[1;31m
Start test 96?[0m
?[0;34mTest case
?[0m?[0;34mTesting api: '/api/antifraud/transaction'
?[0m?[0;34mExpectations: 'Transaction must be ALLOWED'
?[0m?[0;34m-----
?[0m?[0;34m2022-11-17 06:44:19.805  INFO 11944 --- [io-28852-exec-5] antifraud.service.TransactionService     : Violation3: ALLOWED
?[0m?[1;31m
Start test 97?[0m
?[0;34mTest case
?[0m?[0;34mTesting api: '/api/antifraud/transaction'
?[0m?[0;34mExpectations: 'Transaction must be ALLOWED'
?[0m?[0;34m-----
?[0m?[0;34m2022-11-17 06:44:19.889  INFO 11944 --- [io-28852-exec-8] antifraud.service.TransactionService     : Violation3: ALLOWED
?[0m?[1;31m
Start test 98?[0m
?[0;34mTest case
?[0m?[0;34mTesting api: '/api/antifraud/transaction'
?[0m?[0;34mExpectations: 'Transaction must be MANUAL_PROCESSING due to - ip correlation rule'
?[0m?[0;34m-----
?[0m?[0;34m2022-11-17 06:44:19.974  INFO 11944 --- [io-28852-exec-9] antifraud.service.TransactionService     : Violation3: ALLOWED
?[0m?[1;31m
Start test 99?[0m
?[0;34mTest case
?[0m?[0;34mTesting api: '/api/antifraud/transaction'
?[0m?[0;34mExpectations: 'Transaction must be PROHIBITED due to - ip correlation rule'
?[0m?[0;34m-----
?[0m?[0;34m2022-11-17 06:44:20.058  INFO 11944 --- [io-28852-exec-6] antifraud.service.TransactionService     : Violation3: ALLOWED
?[0m?[1;31m
Start test 100?[0m
?[0;34mTest case
?[0m?[0;34mTesting api: '/api/antifraud/stolencard'
?[0m?[0;34mExpectations: 'A card must be added to Black List'
?[0m?[0;34m-----
?[0m?[1;31m
Start test 101?[0m
?[0;34mTest case
?[0m?[0;34mTesting api: '/api/antifraud/suspicious-ip'
?[0m?[0;34mExpectations: 'IP must be added to Black List'
?[0m?[0;34m-----
?[0m?[1;31m
Start test 102?[0m
?[0;34mTest case
?[0m?[0;34mTesting api: '/api/antifraud/transaction'
?[0m?[0;34mExpectations: 'Transaction must be PROHIBITED due to - amount, card-number, ip, ip-correlation reasons'
?[0m?[0;34m-----
?[0m?[1;31m
Start test 103?[0m
?[0;34mTest case
?[0m?[0;34mTesting api: '/api/antifraud/stolencard'
?[0m?[0;34mExpectations: 'Card must be removed from Black List'
?[0m?[0;34m-----
?[0m?[1;31m
Start test 104?[0m
?[0;34mTest case
?[0m?[0;34mTesting api: '/api/antifraud/suspicious-ip'
?[0m?[0;34mExpectations: 'IP must be removed from Black List'
?[0m?[0;34m-----
?[0m?[1;31m
Start test 105?[0m
?[0;34mTest case
?[0m?[0;34mTesting api: '/api/antifraud/transaction'
?[0m?[0;34mExpectations: 'Transaction must be ALLOWED'
?[0m?[0;34m-----
?[0m?[0;34m2022-11-17 06:44:20.557  INFO 11944 --- [io-28852-exec-4] antifraud.service.TransactionService     : Violation3: ALLOWED
?[0m?[1;31m
Start test 106?[0m
?[0;34mTest case
?[0m?[0;34mTesting api: '/api/antifraud/transaction'
?[0m?[0;34mExpectations: 'Transaction must be ALLOWED'
?[0m?[0;34m-----
?[0m?[0;34m2022-11-17 06:44:20.646  INFO 11944 --- [io-28852-exec-5] antifraud.service.TransactionService     : Violation3: ALLOWED
?[0m?[1;31m
Start test 107?[0m
?[0;34mTest case
?[0m?[0;34mTesting api: '/api/antifraud/transaction'
?[0m?[0;34mExpectations: 'Transaction must be ALLOWED'
?[0m?[0;34m-----
?[0m?[0;34m2022-11-17 06:44:20.739  INFO 11944 --- [io-28852-exec-8] antifraud.service.TransactionService     : Violation3: ALLOWED
?[0m?[1;31m
Start test 108?[0m
?[0;34mTest case
?[0m?[0;34mTesting api: '/api/antifraud/transaction'
?[0m?[0;34mExpectations: 'Transaction must be MANUAL_PROCESSING due to - region correlation rule'
?[0m?[0;34m-----
?[0m?[0;34m2022-11-17 06:44:20.850  INFO 11944 --- [io-28852-exec-9] antifraud.service.TransactionService     : Violation3: ALLOWED
?[0m?[1;31m
Start test 109?[0m
?[0;34mTest case
?[0m?[0;34mTesting api: '/api/antifraud/transaction'
?[0m?[0;34mExpectations: 'Transaction must be PROHIBITED due to - region correlation rule'
?[0m?[0;34m-----
?[0m?[0;34m2022-11-17 06:44:20.976  INFO 11944 --- [io-28852-exec-6] antifraud.service.TransactionService     : Violation3: ALLOWED
?[0m?[1;31m
Start test 110?[0m
?[0;34mTest case
?[0m?[0;34mTesting api: '/api/antifraud/stolencard'
?[0m?[0;34mExpectations: 'A card must be added to Black List'
?[0m?[0;34m-----
?[0m?[1;31m
Start test 111?[0m
?[0;34mTest case
?[0m?[0;34mTesting api: '/api/antifraud/suspicious-ip'
?[0m?[0;34mExpectations: 'IP must be added to Black List'
?[0m?[0;34m-----
?[0m?[1;31m
Start test 112?[0m
?[0;34mTest case
?[0m?[0;34mTesting api: '/api/antifraud/transaction'
?[0m?[0;34mExpectations: 'Transaction must be PROHIBITED due to - amount, card-number, ip, region-correlation reasons'
?[0m?[0;34m-----
?[0m?[1;31m
Start test 113?[0m
?[0;34mTest case
?[0m?[0;34mTesting api: '/api/antifraud/stolencard'
?[0m?[0;34mExpectations: 'Card must be removed from Black List'
?[0m?[0;34m-----
?[0m?[1;31m
Start test 114?[0m
?[0;34mTest case
?[0m?[0;34mTesting api: '/api/antifraud/transaction'
?[0m?[0;34mExpectations: 'Transaction must be MANUAL_PROCESSING due to - ip correlation rule'
?[0m?[0;34m-----
?[0m?[0;34m2022-11-17 06:44:21.438  INFO 11944 --- [io-28852-exec-1] antifraud.service.TransactionService     : Violation3: ALLOWED
?[0m]]></system-out>
  <system-err><![CDATA[]]></system-err>
</testsuite>
